Started by user admin
Running as SYSTEM
Building in workspace C:\Windows\system32\config\systemprofile\AppData\Local\Jenkins\.jenkins\workspace\eCommerceTest
The recommended git tool is: NONE
No credentials specified
 > git.exe rev-parse --is-inside-work-tree # timeout=10
Fetching changes from the remote Git repository
 > git.exe config remote.origin.url https://github.com/avinashb-97/eCommerce-Application # timeout=10
Fetching upstream changes from https://github.com/avinashb-97/eCommerce-Application
 > git.exe --version # timeout=10
 > git --version # 'git version 2.29.2.windows.1'
 > git.exe fetch --tags --force --progress -- https://github.com/avinashb-97/eCommerce-Application +refs/heads/*:refs/remotes/origin/* # timeout=10
 > git.exe rev-parse "refs/remotes/origin/main^{commit}" # timeout=10
Checking out Revision 6cd2d651f58d73de00b254aa722068113b614ebe (refs/remotes/origin/main)
 > git.exe config core.sparsecheckout # timeout=10
 > git.exe checkout -f 6cd2d651f58d73de00b254aa722068113b614ebe # timeout=10
Commit message: "Added jenkins log file"
 > git.exe rev-list --no-walk 58d235d60e7eb152e564a2c8e6e936a9ea4df7c6 # timeout=10
[eCommerceTest] $ cmd.exe /C "mvn test && exit %%ERRORLEVEL%%"
[INFO] Scanning for projects...
[INFO] 
[INFO] ----------------------< com.example:auth-course >-----------------------
[INFO] Building auth-course 0.0.1-SNAPSHOT
[INFO] --------------------------------[ jar ]---------------------------------
[INFO] 
[INFO] --- maven-resources-plugin:3.1.0:resources (default-resources) @ auth-course ---
[INFO] Using 'UTF-8' encoding to copy filtered resources.
[INFO] Copying 1 resource
[INFO] Copying 1 resource
[INFO] 
[INFO] --- maven-compiler-plugin:3.8.1:compile (default-compile) @ auth-course ---
[INFO] Changes detected - recompiling the module!
[INFO] Compiling 20 source files to C:\Windows\System32\config\systemprofile\AppData\Local\Jenkins\.jenkins\workspace\eCommerceTest\target\classes
[INFO] 
[INFO] --- maven-resources-plugin:3.1.0:testResources (default-testResources) @ auth-course ---
[INFO] Using 'UTF-8' encoding to copy filtered resources.
[INFO] skip non existing resourceDirectory C:\Windows\System32\config\systemprofile\AppData\Local\Jenkins\.jenkins\workspace\eCommerceTest\src\test\resources
[INFO] 
[INFO] --- maven-compiler-plugin:3.8.1:testCompile (default-testCompile) @ auth-course ---
[INFO] Changes detected - recompiling the module!
[INFO] Compiling 7 source files to C:\Windows\System32\config\systemprofile\AppData\Local\Jenkins\.jenkins\workspace\eCommerceTest\target\test-classes
[INFO] /C:/Windows/System32/config/systemprofile/AppData/Local/Jenkins/.jenkins/workspace/eCommerceTest/src/test/java/com/example/demo/TestUtils.java: C:\Windows\System32\config\systemprofile\AppData\Local\Jenkins\.jenkins\workspace\eCommerceTest\src\test\java\com\example\demo\TestUtils.java uses or overrides a deprecated API.
[INFO] /C:/Windows/System32/config/systemprofile/AppData/Local/Jenkins/.jenkins/workspace/eCommerceTest/src/test/java/com/example/demo/TestUtils.java: Recompile with -Xlint:deprecation for details.
[INFO] /C:/Windows/System32/config/systemprofile/AppData/Local/Jenkins/.jenkins/workspace/eCommerceTest/src/test/java/com/example/demo/controller/UserControllerTest.java: C:\Windows\System32\config\systemprofile\AppData\Local\Jenkins\.jenkins\workspace\eCommerceTest\src\test\java\com\example\demo\controller\UserControllerTest.java uses unchecked or unsafe operations.
[INFO] /C:/Windows/System32/config/systemprofile/AppData/Local/Jenkins/.jenkins/workspace/eCommerceTest/src/test/java/com/example/demo/controller/UserControllerTest.java: Recompile with -Xlint:unchecked for details.
[INFO] 
[INFO] --- maven-surefire-plugin:2.22.2:test (default-test) @ auth-course ---
[INFO] 
[INFO] -------------------------------------------------------
[INFO]  T E S T S
[INFO] -------------------------------------------------------
[INFO] Running com.example.demo.controller.CartControllerTest
14:22:27.627 [main] INFO com.example.demo.controllers.CartController - [ADD TO CART] [Success] User -> ram
14:22:27.664 [main] INFO com.example.demo.controllers.CartController - [REMOVE FROM CART] [Success] User -> ram
14:22:27.669 [main] ERROR com.example.demo.controllers.CartController - [REMOVE FROM CART] [Fail] User -> user1234, REASON -> User not found
14:22:27.670 [main] ERROR com.example.demo.controllers.CartController - [ADD TO CART] [Fail] User -> user1234, REASON -> User not found
[INFO] Tests run: 3, Failures: 0, Errors: 0, Skipped: 0, Time elapsed: 1.106 s - in com.example.demo.controller.CartControllerTest
[INFO] Running com.example.demo.controller.ItemControllerTest
[INFO] Tests run: 5, Failures: 0, Errors: 0, Skipped: 0, Time elapsed: 0.029 s - in com.example.demo.controller.ItemControllerTest
[INFO] Running com.example.demo.controller.OrderControllerTest
14:22:27.789 [main] ERROR com.example.demo.controllers.OrderController - [SUBMIT ORDER] [Fail] user -> user123, Reason -> User not found
14:22:27.791 [main] INFO com.example.demo.controllers.OrderController - [SUBMIT ORDER] [Success] user -> ram
[INFO] Tests run: 4, Failures: 0, Errors: 0, Skipped: 0, Time elapsed: 0.017 s - in com.example.demo.controller.OrderControllerTest
[INFO] Running com.example.demo.controller.UserControllerTest
14:22:27.840 [main] INFO com.example.demo.controllers.UserController - [CREATE USER] [Success] user -> newUser
[INFO] Tests run: 3, Failures: 0, Errors: 0, Skipped: 0, Time elapsed: 0.005 s - in com.example.demo.controller.UserControllerTest
[INFO] Running com.example.demo.SareetaApplicationTests
14:22:27.882 [main] DEBUG org.springframework.test.context.junit4.SpringJUnit4ClassRunner - SpringJUnit4ClassRunner constructor called with [class com.example.demo.SareetaApplicationTests]
14:22:27.887 [main] DEBUG org.springframework.test.context.BootstrapUtils - Instantiating CacheAwareContextLoaderDelegate from class [org.springframework.test.context.cache.DefaultCacheAwareContextLoaderDelegate]
14:22:27.903 [main] DEBUG org.springframework.test.context.BootstrapUtils - Instantiating BootstrapContext using constructor [public org.springframework.test.context.support.DefaultBootstrapContext(java.lang.Class,org.springframework.test.context.CacheAwareContextLoaderDelegate)]
14:22:27.928 [main] DEBUG org.springframework.test.context.BootstrapUtils - Instantiating TestContextBootstrapper for test class [com.example.demo.SareetaApplicationTests] from class [org.springframework.boot.test.context.SpringBootTestContextBootstrapper]
14:22:27.961 [main] INFO org.springframework.boot.test.context.SpringBootTestContextBootstrapper - Neither @ContextConfiguration nor @ContextHierarchy found for test class [com.example.demo.SareetaApplicationTests], using SpringBootContextLoader
14:22:27.980 [main] DEBUG org.springframework.test.context.support.AbstractContextLoader - Did not detect default resource location for test class [com.example.demo.SareetaApplicationTests]: class path resource [com/example/demo/SareetaApplicationTests-context.xml] does not exist
14:22:27.981 [main] DEBUG org.springframework.test.context.support.AbstractContextLoader - Did not detect default resource location for test class [com.example.demo.SareetaApplicationTests]: class path resource [com/example/demo/SareetaApplicationTestsContext.groovy] does not exist
14:22:27.983 [main] INFO org.springframework.test.context.support.AbstractContextLoader - Could not detect default resource locations for test class [com.example.demo.SareetaApplicationTests]: no resource found for suffixes {-context.xml, Context.groovy}.
14:22:27.986 [main] INFO org.springframework.test.context.support.AnnotationConfigContextLoaderUtils - Could not detect default configuration classes for test class [com.example.demo.SareetaApplicationTests]: SareetaApplicationTests does not declare any static, non-private, non-final, nested classes annotated with @Configuration.
14:22:28.078 [main] DEBUG org.springframework.test.context.support.ActiveProfilesUtils - Could not find an 'annotation declaring class' for annotation type [org.springframework.test.context.ActiveProfiles] and class [com.example.demo.SareetaApplicationTests]
14:22:28.214 [main] DEBUG org.springframework.context.annotation.ClassPathScanningCandidateComponentProvider - Identified candidate component class: file [C:\Windows\System32\config\systemprofile\AppData\Local\Jenkins\.jenkins\workspace\eCommerceTest\target\classes\com\example\demo\SareetaApplication.class]
14:22:28.215 [main] INFO org.springframework.boot.test.context.SpringBootTestContextBootstrapper - Found @SpringBootConfiguration com.example.demo.EcommerceApplication for test class com.example.demo.SareetaApplicationTests
14:22:28.334 [main] DEBUG org.springframework.boot.test.context.SpringBootTestContextBootstrapper - @TestExecutionListeners is not present for class [com.example.demo.SareetaApplicationTests]: using defaults.
14:22:28.335 [main] INFO org.springframework.boot.test.context.SpringBootTestContextBootstrapper - Loaded default TestExecutionListener class names from location [META-INF/spring.factories]: [org.springframework.boot.test.mock.mockito.MockitoTestExecutionListener, org.springframework.boot.test.mock.mockito.ResetMocksTestExecutionListener, org.springframework.boot.test.autoconfigure.restdocs.RestDocsTestExecutionListener, org.springframework.boot.test.autoconfigure.web.client.MockRestServiceServerResetTestExecutionListener, org.springframework.boot.test.autoconfigure.web.servlet.MockMvcPrintOnlyOnFailureTestExecutionListener, org.springframework.boot.test.autoconfigure.web.servlet.WebDriverTestExecutionListener, org.springframework.test.context.web.ServletTestExecutionListener, org.springframework.test.context.support.DirtiesContextBeforeModesTestExecutionListener, org.springframework.test.context.support.DependencyInjectionTestExecutionListener, org.springframework.test.context.support.DirtiesContextTestExecutionListener, org.springframework.test.context.transaction.TransactionalTestExecutionListener, org.springframework.test.context.jdbc.SqlScriptsTestExecutionListener]
14:22:28.361 [main] INFO org.springframework.boot.test.context.SpringBootTestContextBootstrapper - Using TestExecutionListeners: [org.springframework.test.context.web.ServletTestExecutionListener@4e904fd5, org.springframework.test.context.support.DirtiesContextBeforeModesTestExecutionListener@b18c4, org.springframework.boot.test.mock.mockito.MockitoTestExecutionListener@4cbf4f53, org.springframework.boot.test.autoconfigure.SpringBootDependencyInjectionTestExecutionListener@597f48df, org.springframework.test.context.support.DirtiesContextTestExecutionListener@15dd5ac2, org.springframework.test.context.transaction.TransactionalTestExecutionListener@4d48bd85, org.springframework.test.context.jdbc.SqlScriptsTestExecutionListener@7bbbb6a8, org.springframework.boot.test.mock.mockito.ResetMocksTestExecutionListener@58a120b0, org.springframework.boot.test.autoconfigure.restdocs.RestDocsTestExecutionListener@27d57a2c, org.springframework.boot.test.autoconfigure.web.client.MockRestServiceServerResetTestExecutionListener@2ff95fc6, org.springframework.boot.test.autoconfigure.web.servlet.MockMvcPrintOnlyOnFailureTestExecutionListener@9d1a267, org.springframework.boot.test.autoconfigure.web.servlet.WebDriverTestExecutionListener@58a4a74d]
14:22:28.363 [main] DEBUG org.springframework.test.annotation.ProfileValueUtils - Retrieved @ProfileValueSourceConfiguration [null] for test class [com.example.demo.SareetaApplicationTests]
14:22:28.364 [main] DEBUG org.springframework.test.annotation.ProfileValueUtils - Retrieved ProfileValueSource type [class org.springframework.test.annotation.SystemProfileValueSource] for class [com.example.demo.SareetaApplicationTests]
14:22:28.364 [main] DEBUG org.springframework.test.annotation.ProfileValueUtils - Retrieved @ProfileValueSourceConfiguration [null] for test class [com.example.demo.SareetaApplicationTests]
14:22:28.364 [main] DEBUG org.springframework.test.annotation.ProfileValueUtils - Retrieved ProfileValueSource type [class org.springframework.test.annotation.SystemProfileValueSource] for class [com.example.demo.SareetaApplicationTests]
14:22:28.364 [main] DEBUG org.springframework.test.annotation.ProfileValueUtils - Retrieved @ProfileValueSourceConfiguration [null] for test class [com.example.demo.SareetaApplicationTests]
14:22:28.365 [main] DEBUG org.springframework.test.annotation.ProfileValueUtils - Retrieved ProfileValueSource type [class org.springframework.test.annotation.SystemProfileValueSource] for class [com.example.demo.SareetaApplicationTests]
14:22:28.370 [main] DEBUG org.springframework.test.context.support.AbstractDirtiesContextTestExecutionListener - Before test class: context [DefaultTestContext@3162743f testClass = SareetaApplicationTests, testInstance = [null], testMethod = [null], testException = [null], mergedContextConfiguration = [WebMergedContextConfiguration@2c708440 testClass = SareetaApplicationTests, locations = '{}', classes = '{class com.example.demo.EcommerceApplication}', contextInitializerClasses = '[]', activeProfiles = '{}', propertySourceLocations = '{}', propertySourceProperties = '{org.springframework.boot.test.context.SpringBootTestContextBootstrapper=true}', contextCustomizers = set[org.springframework.boot.test.context.filter.ExcludeFilterContextCustomizer@deb3b60, org.springframework.boot.test.json.DuplicateJsonObjectContextCustomizerFactory$DuplicateJsonObjectContextCustomizer@73aff8f1, org.springframework.boot.test.mock.mockito.MockitoContextCustomizer@0, org.springframework.boot.test.web.client.TestRestTemplateContextCustomizer@51745f40, org.springframework.boot.test.autoconfigure.properties.PropertyMappingContextCustomizer@0, org.springframework.boot.test.autoconfigure.web.servlet.WebDriverContextCustomizerFactory$Customizer@5a5c128], resourceBasePath = 'src/main/webapp', contextLoader = 'org.springframework.boot.test.context.SpringBootContextLoader', parent = [null]], attributes = map['org.springframework.test.context.web.ServletTestExecutionListener.activateListener' -> true]], class annotated with @DirtiesContext [false] with mode [null].
14:22:28.370 [main] DEBUG org.springframework.test.annotation.ProfileValueUtils - Retrieved @ProfileValueSourceConfiguration [null] for test class [com.example.demo.SareetaApplicationTests]
14:22:28.371 [main] DEBUG org.springframework.test.annotation.ProfileValueUtils - Retrieved ProfileValueSource type [class org.springframework.test.annotation.SystemProfileValueSource] for class [com.example.demo.SareetaApplicationTests]
14:22:28.410 [main] DEBUG org.springframework.test.context.support.TestPropertySourceUtils - Adding inlined properties to environment: {spring.jmx.enabled=false, org.springframework.boot.test.context.SpringBootTestContextBootstrapper=true, server.port=-1}

  .   ____          _            __ _ _
 /\\ / ___'_ __ _ _(_)_ __  __ _ \ \ \ \
( ( )\___ | '_ | '_| | '_ \/ _` | \ \ \ \
 \\/  ___)| |_)| | | | | || (_| |  ) ) ) )
  '  |____| .__|_| |_|_| |_\__, | / / / /
 =========|_|==============|___/=/_/_/_/
 :: Spring Boot ::        (v2.1.5.RELEASE)

2021-01-10 14:22:29.010  INFO 15832 --- [           main] c.example.demo.SareetaApplicationTests   : Starting SareetaApplicationTests on DESKTOP-HU7SCJV with PID 15832 (started by DESKTOP-HU7SCJV$ in C:\Windows\System32\config\systemprofile\AppData\Local\Jenkins\.jenkins\workspace\eCommerceTest)
2021-01-10 14:22:29.013  INFO 15832 --- [           main] c.example.demo.SareetaApplicationTests   : No active profile set, falling back to default profiles: default
2021-01-10 14:22:30.302  INFO 15832 --- [           main] .s.d.r.c.RepositoryConfigurationDelegate : Bootstrapping Spring Data repositories in DEFAULT mode.
2021-01-10 14:22:30.468  INFO 15832 --- [           main] .s.d.r.c.RepositoryConfigurationDelegate : Finished Spring Data repository scanning in 125ms. Found 4 repository interfaces.
2021-01-10 14:22:31.388  INFO 15832 --- [           main] trationDelegate$BeanPostProcessorChecker : Bean 'org.springframework.transaction.annotation.ProxyTransactionManagementConfiguration' of type [org.springframework.transaction.annotation.ProxyTransactionManagementConfiguration$$EnhancerBySpringCGLIB$$ea5b91e0] is not eligible for getting processed by all BeanPostProcessors (for example: not eligible for auto-proxying)
2021-01-10 14:22:31.838  INFO 15832 --- [           main] com.zaxxer.hikari.HikariDataSource       : HikariPool-1 - Starting...
2021-01-10 14:22:32.118  INFO 15832 --- [           main] com.zaxxer.hikari.HikariDataSource       : HikariPool-1 - Start completed.
2021-01-10 14:22:32.305  INFO 15832 --- [           main] o.hibernate.jpa.internal.util.LogHelper  : HHH000204: Processing PersistenceUnitInfo [
	name: default
	...]
2021-01-10 14:22:32.439  INFO 15832 --- [           main] org.hibernate.Version                    : HHH000412: Hibernate Core {5.3.10.Final}
2021-01-10 14:22:32.442  INFO 15832 --- [           main] org.hibernate.cfg.Environment            : HHH000206: hibernate.properties not found
2021-01-10 14:22:32.509  INFO 15832 --- [           main] o.hibernate.annotations.common.Version   : HCANN000001: Hibernate Commons Annotations {5.0.4.Final}
2021-01-10 14:22:32.991  INFO 15832 --- [           main] org.hibernate.dialect.Dialect            : HHH000400: Using dialect: org.hibernate.dialect.H2Dialect
2021-01-10 14:22:33.921  INFO 15832 --- [           main] j.LocalContainerEntityManagerFactoryBean : Initialized JPA EntityManagerFactory for persistence unit 'default'
2021-01-10 14:22:35.353  WARN 15832 --- [           main] aWebConfiguration$JpaWebMvcConfiguration : spring.jpa.open-in-view is enabled by default. Therefore, database queries may be performed during view rendering. Explicitly configure spring.jpa.open-in-view to disable this warning
2021-01-10 14:22:35.569  INFO 15832 --- [           main] o.s.s.web.DefaultSecurityFilterChain     : Creating filter chain: any request, [org.springframework.security.web.context.request.async.WebAsyncManagerIntegrationFilter@138d978e, org.springframework.security.web.context.SecurityContextPersistenceFilter@78c23ade, org.springframework.security.web.header.HeaderWriterFilter@459df48d, org.springframework.web.filter.CorsFilter@357e7113, org.springframework.security.web.authentication.logout.LogoutFilter@39451d92, com.example.demo.security.JWTAuthenticationFilter@8d23cd8, com.example.demo.security.JWTAuthenticationVerficationFilter@5feaafb3, org.springframework.security.web.savedrequest.RequestCacheAwareFilter@552b15f6, org.springframework.security.web.servletapi.SecurityContextHolderAwareRequestFilter@797ee1a9, org.springframework.security.web.authentication.AnonymousAuthenticationFilter@20a46227, org.springframework.security.web.session.SessionManagementFilter@6a95c2f6, org.springframework.security.web.access.ExceptionTranslationFilter@3d42b756, org.springframework.security.web.access.intercept.FilterSecurityInterceptor@1248f83]
2021-01-10 14:22:36.277  INFO 15832 --- [           main] o.s.s.concurrent.ThreadPoolTaskExecutor  : Initializing ExecutorService 'applicationTaskExecutor'
2021-01-10 14:22:36.730  INFO 15832 --- [           main] c.example.demo.SareetaApplicationTests   : Started SareetaApplicationTests in 8.304 seconds (JVM running for 10.72)
[INFO] Tests run: 1, Failures: 0, Errors: 0, Skipped: 0, Time elapsed: 8.901 s - in com.example.demo.SareetaApplicationTests
2021-01-10 14:22:36.777  INFO 15832 --- [       Thread-2] o.s.s.concurrent.ThreadPoolTaskExecutor  : Shutting down ExecutorService 'applicationTaskExecutor'
2021-01-10 14:22:36.781  INFO 15832 --- [       Thread-2] j.LocalContainerEntityManagerFactoryBean : Closing JPA EntityManagerFactory for persistence unit 'default'
2021-01-10 14:22:36.785  INFO 15832 --- [       Thread-2] com.zaxxer.hikari.HikariDataSource       : HikariPool-1 - Shutdown initiated...
2021-01-10 14:22:36.791  INFO 15832 --- [       Thread-2] com.zaxxer.hikari.HikariDataSource       : HikariPool-1 - Shutdown completed.
[INFO] 
[INFO] Results:
[INFO] 
[INFO] Tests run: 16, Failures: 0, Errors: 0, Skipped: 0
[INFO] 
[INFO] ------------------------------------------------------------------------
[INFO] BUILD SUCCESS
[INFO] ------------------------------------------------------------------------
[INFO] Total time:  17.588 s
[INFO] Finished at: 2021-01-10T14:22:37+05:30
[INFO] ------------------------------------------------------------------------
Finished: SUCCESS